{"/Users/rodrigomatheusdasilva/Library/CloudStorage/GoogleDrive-rodrigorizando@gmail.com/Meu Drive/projetos/tudio-v2/frontend/src/components/ui/AppButton.vue": {"path":"/Users/rodrigomatheusdasilva/Library/CloudStorage/GoogleDrive-rodrigorizando@gmail.com/Meu Drive/projetos/tudio-v2/frontend/src/components/ui/AppButton.vue","statementMap":{"0":{"start":{"line":15,"column":14},"end":{"line":15,"column":null}},"1":{"start":{"line":24,"column":6},"end":{"line":33,"column":null}},"2":{"start":{"line":25,"column":2},"end":{"line":32,"column":null}},"3":{"start":{"line":35,"column":6},"end":{"line":35,"column":null}},"4":{"start":{"line":35,"column":37},"end":{"line":35,"column":65}},"5":{"start":{"line":50,"column":6},"end":{"line":55,"column":null}}},"fnMap":{"0":{"name":"(anonymous_0)","decl":{"start":{"line":24,"column":25},"end":{"line":24,"column":31}},"loc":{"start":{"line":24,"column":31},"end":{"line":33,"column":1}},"line":24},"1":{"name":"(anonymous_1)","decl":{"start":{"line":35,"column":30},"end":{"line":35,"column":37}},"loc":{"start":{"line":35,"column":37},"end":{"line":35,"column":65}},"line":35},"2":{"name":"(anonymous_2)","decl":{"start":{"line":47,"column":4},"end":{"line":47,"column":null}},"loc":{"start":{"line":50,"column":6},"end":{"line":55,"column":null}},"line":50}},"branchMap":{"0":{"loc":{"start":{"line":35,"column":37},"end":{"line":35,"column":65}},"type":"cond-expr","locations":[{"start":{"line":35,"column":50},"end":{"line":35,"column":56}},{"start":{"line":35,"column":56},"end":{"line":35,"column":65}}],"line":35},"1":{"loc":{"start":{"line":45,"column":15},"end":{"line":45,"column":null}},"type":"binary-expr","locations":[{"start":{"line":45,"column":15},"end":{"line":45,"column":27}},{"start":{"line":45,"column":27},"end":{"line":45,"column":null}}],"line":45},"2":{"loc":{"start":{"line":48,"column":12},"end":{"line":49,"column":null}},"type":"cond-expr","locations":[{"start":{"line":48,"column":12},"end":{"line":49,"column":null}},{"start":{"line":49,"column":12},"end":{"line":49,"column":null}}],"line":48}},"s":{"0":13,"1":13,"2":13,"3":13,"4":13,"5":13},"f":{"0":13,"1":13,"2":13},"b":{"0":[0,13],"1":[13,13],"2":[1,12]},"meta":{"lastBranch":0,"lastFunction":0,"lastStatement":0,"seen":{}}}
,"/Users/rodrigomatheusdasilva/Library/CloudStorage/GoogleDrive-rodrigorizando@gmail.com/Meu Drive/projetos/tudio-v2/frontend/src/components/ui/AppCard.vue": {"path":"/Users/rodrigomatheusdasilva/Library/CloudStorage/GoogleDrive-rodrigorizando@gmail.com/Meu Drive/projetos/tudio-v2/frontend/src/components/ui/AppCard.vue","statementMap":{"0":{"start":{"line":10,"column":7},"end":{"line":10,"column":null}},"1":{"start":{"line":27,"column":11},"end":{"line":27,"column":null}},"2":{"start":{"line":33,"column":9},"end":{"line":33,"column":null}},"3":{"start":{"line":10,"column":2},"end":{"line":41,"column":null}}},"fnMap":{},"branchMap":{"0":{"loc":{"start":{"line":12,"column":12},"end":{"line":28,"column":null}},"type":"cond-expr","locations":[{"start":{"line":12,"column":43},"end":{"line":28,"column":null}}],"line":12},"1":{"loc":{"start":{"line":12,"column":12},"end":{"line":12,"column":null}},"type":"binary-expr","locations":[{"start":{"line":12,"column":12},"end":{"line":12,"column":21}},{"start":{"line":12,"column":21},"end":{"line":12,"column":37}},{"start":{"line":12,"column":37},"end":{"line":12,"column":null}}],"line":12},"2":{"loc":{"start":{"line":16,"column":14},"end":{"line":25,"column":null}},"type":"cond-expr","locations":[{"start":{"line":16,"column":21},"end":{"line":19,"column":null}},{"start":{"line":22,"column":19},"end":{"line":25,"column":null}}],"line":16},"3":{"loc":{"start":{"line":22,"column":19},"end":{"line":25,"column":null}},"type":"cond-expr","locations":[{"start":{"line":22,"column":19},"end":{"line":25,"column":null}},{"start":{"line":25,"column":16},"end":{"line":25,"column":null}}],"line":22},"4":{"loc":{"start":{"line":38,"column":12},"end":{"line":41,"column":null}},"type":"cond-expr","locations":[{"start":{"line":38,"column":19},"end":{"line":41,"column":null}},{"start":{"line":41,"column":28},"end":{"line":41,"column":null}}],"line":38}},"s":{"0":2,"1":2,"2":2,"3":11},"f":{},"b":{"0":[2,null],"1":[11,10,10],"2":[0,2],"3":[1,1],"4":[8,3]},"meta":{"lastBranch":0,"lastFunction":0,"lastStatement":0,"seen":{}}}
,"/Users/rodrigomatheusdasilva/Library/CloudStorage/GoogleDrive-rodrigorizando@gmail.com/Meu Drive/projetos/tudio-v2/frontend/src/components/ui/AppInput.vue": {"path":"/Users/rodrigomatheusdasilva/Library/CloudStorage/GoogleDrive-rodrigorizando@gmail.com/Meu Drive/projetos/tudio-v2/frontend/src/components/ui/AppInput.vue","statementMap":{"0":{"start":{"line":18,"column":13},"end":{"line":18,"column":null}},"1":{"start":{"line":22,"column":20},"end":{"line":25,"column":null}},"2":{"start":{"line":23,"column":17},"end":{"line":23,"column":null}},"3":{"start":{"line":24,"column":2},"end":{"line":24,"column":null}},"4":{"start":{"line":29,"column":7},"end":{"line":29,"column":null}},"5":{"start":{"line":38,"column":9},"end":{"line":38,"column":null}},"6":{"start":{"line":29,"column":2},"end":{"line":53,"column":23}}},"fnMap":{"0":{"name":"(anonymous_0)","decl":{"start":{"line":22,"column":20},"end":{"line":22,"column":21}},"loc":{"start":{"line":22,"column":38},"end":{"line":25,"column":null}},"line":22}},"branchMap":{"0":{"loc":{"start":{"line":31,"column":12},"end":{"line":35,"column":null}},"type":"cond-expr","locations":[{"start":{"line":31,"column":12},"end":{"line":35,"column":null}},{"start":{"line":35,"column":14},"end":{"line":35,"column":null}}],"line":31},"1":{"loc":{"start":{"line":51,"column":12},"end":{"line":53,"column":23}},"type":"cond-expr","locations":[{"start":{"line":51,"column":12},"end":{"line":53,"column":23}},{"start":{"line":53,"column":13},"end":{"line":53,"column":23}}],"line":51}},"s":{"0":9,"1":9,"2":5,"3":5,"4":2,"5":2,"6":13},"f":{"0":5},"b":{"0":[11,2],"1":[1,12]},"meta":{"lastBranch":0,"lastFunction":0,"lastStatement":0,"seen":{}}}
,"/Users/rodrigomatheusdasilva/Library/CloudStorage/GoogleDrive-rodrigorizando@gmail.com/Meu Drive/projetos/tudio-v2/frontend/src/components/ui/AppModal.vue": {"path":"/Users/rodrigomatheusdasilva/Library/CloudStorage/GoogleDrive-rodrigorizando@gmail.com/Meu Drive/projetos/tudio-v2/frontend/src/components/ui/AppModal.vue","statementMap":{"0":{"start":{"line":14,"column":14},"end":{"line":14,"column":null}},"1":{"start":{"line":23,"column":13},"end":{"line":23,"column":null}},"2":{"start":{"line":25,"column":6},"end":{"line":33,"column":null}},"3":{"start":{"line":26,"column":2},"end":{"line":32,"column":null}},"4":{"start":{"line":27,"column":15},"end":{"line":27,"column":null}},"5":{"start":{"line":28,"column":15},"end":{"line":28,"column":null}},"6":{"start":{"line":29,"column":15},"end":{"line":29,"column":null}},"7":{"start":{"line":30,"column":17},"end":{"line":30,"column":null}},"8":{"start":{"line":31,"column":13},"end":{"line":31,"column":null}},"9":{"start":{"line":50,"column":13},"end":{"line":50,"column":null}},"10":{"start":{"line":51,"column":15},"end":{"line":51,"column":null}},"11":{"start":{"line":74,"column":13},"end":{"line":74,"column":null}},"12":{"start":{"line":37,"column":2},"end":{"line":82,"column":null}},"13":{"start":{"line":39,"column":18},"end":{"line":39,"column":null}},"14":{"start":{"line":85,"column":19},"end":{"line":82,"column":null}},"15":{"start":{"line":42,"column":202},"end":{"line":82,"column":null}},"16":{"start":{"line":72,"column":14},"end":{"line":82,"column":null}},"17":{"start":{"line":53,"column":25},"end":{"line":53,"column":25}},"18":{"start":{"line":59,"column":31},"end":{"line":59,"column":31}},"19":{"start":{"line":68,"column":20},"end":{"line":68,"column":null}},"20":{"start":{"line":70,"column":28},"end":{"line":70,"column":28}}},"fnMap":{"0":{"name":"(anonymous_0)","decl":{"start":{"line":25,"column":31},"end":{"line":25,"column":37}},"loc":{"start":{"line":25,"column":37},"end":{"line":33,"column":1}},"line":25},"1":{"name":"(anonymous_1)","decl":{"start":{"line":39,"column":16},"end":{"line":39,"column":18}},"loc":{"start":{"line":39,"column":18},"end":{"line":39,"column":null}},"line":39},"2":{"name":"(anonymous_2)","decl":{"start":{"line":41,"column":4},"end":{"line":41,"column":null}},"loc":{"start":{"line":85,"column":19},"end":{"line":82,"column":null}},"line":85},"3":{"name":"(anonymous_3)","decl":{"start":{"line":42,"column":6},"end":{"line":42,"column":21}},"loc":{"start":{"line":42,"column":202},"end":{"line":82,"column":null}},"line":42},"4":{"name":"(anonymous_4)","decl":{"start":{"line":50,"column":8},"end":{"line":50,"column":13}},"loc":{"start":{"line":72,"column":14},"end":{"line":82,"column":null}},"line":72},"5":{"name":"(anonymous_5)","decl":{"start":{"line":53,"column":14},"end":{"line":53,"column":17}},"loc":{"start":{"line":53,"column":25},"end":{"line":53,"column":25}},"line":53},"6":{"name":"(anonymous_6)","decl":{"start":{"line":59,"column":14},"end":{"line":59,"column":17}},"loc":{"start":{"line":59,"column":31},"end":{"line":59,"column":31}},"line":59},"7":{"name":"(anonymous_7)","decl":{"start":{"line":68,"column":18},"end":{"line":68,"column":20}},"loc":{"start":{"line":68,"column":20},"end":{"line":68,"column":null}},"line":68},"8":{"name":"(anonymous_8)","decl":{"start":{"line":70,"column":12},"end":{"line":70,"column":16}},"loc":{"start":{"line":70,"column":28},"end":{"line":70,"column":28}},"line":70}},"branchMap":{"0":{"loc":{"start":{"line":26,"column":2},"end":{"line":32,"column":null}},"type":"switch","locations":[{"start":{"line":27,"column":4},"end":{"line":27,"column":null}},{"start":{"line":28,"column":4},"end":{"line":28,"column":null}},{"start":{"line":29,"column":4},"end":{"line":29,"column":null}},{"start":{"line":30,"column":4},"end":{"line":30,"column":null}},{"start":{"line":31,"column":4},"end":{"line":31,"column":null}}],"line":26},"1":{"loc":{"start":{"line":39,"column":16},"end":{"line":39,"column":null}},"type":"binary-expr","locations":[{"start":{"line":39,"column":16},"end":{"line":39,"column":18}},{"start":{"line":39,"column":16},"end":{"line":39,"column":null}}],"line":39},"2":{"loc":{"start":{"line":56,"column":20},"end":{"line":59,"column":31}},"type":"cond-expr","locations":[{"start":{"line":56,"column":20},"end":{"line":59,"column":31}}],"line":56},"3":{"loc":{"start":{"line":68,"column":18},"end":{"line":68,"column":null}},"type":"binary-expr","locations":[{"start":{"line":68,"column":18},"end":{"line":68,"column":20}},{"start":{"line":68,"column":18},"end":{"line":68,"column":null}}],"line":68},"4":{"loc":{"start":{"line":79,"column":16},"end":{"line":82,"column":null}},"type":"cond-expr","locations":[{"start":{"line":79,"column":23},"end":{"line":82,"column":null}},{"start":{"line":82,"column":32},"end":{"line":82,"column":null}}],"line":79}},"s":{"0":7,"1":7,"2":7,"3":7,"4":1,"5":1,"6":1,"7":1,"8":3,"9":1,"10":1,"11":1,"12":7,"13":0,"14":7,"15":7,"16":7,"17":7,"18":1,"19":1,"20":7},"f":{"0":7,"1":0,"2":7,"3":7,"4":7,"5":7,"6":1,"7":1,"8":7},"b":{"0":[1,1,1,1,3],"1":[7,7],"2":[1,null],"3":[7,7],"4":[0,7]},"meta":{"lastBranch":5,"lastFunction":9,"lastStatement":21,"seen":{"s:14:14:14:Infinity":0,"s:23:13:23:Infinity":1,"s:25:6:33:Infinity":2,"f:25:31:25:37":0,"b:27:4:27:Infinity:28:4:28:Infinity:29:4:29:Infinity:30:4:30:Infinity:31:4:31:Infinity":0,"s:26:2:32:Infinity":3,"s:27:15:27:Infinity":4,"s:28:15:28:Infinity":5,"s:29:15:29:Infinity":6,"s:30:17:30:Infinity":7,"s:31:13:31:Infinity":8,"s:50:13:50:Infinity":9,"s:51:15:51:Infinity":10,"s:74:13:74:Infinity":11,"s:37:2:82:Infinity":12,"b:39:16:39:18:39:16:39:Infinity":1,"f:39:16:39:18":1,"s:39:18:39:Infinity":13,"f:41:4:41:Infinity":2,"s:85:19:82:Infinity":14,"f:42:6:42:21":3,"s:42:202:82:Infinity":15,"f:50:8:50:13":4,"s:72:14:82:Infinity":16,"f:53:14:53:17":5,"s:53:25:53:25":17,"b:56:20:59:31":2,"f:59:14:59:17":6,"s:59:31:59:31":18,"b:68:18:68:20:68:18:68:Infinity":3,"f:68:18:68:20":7,"s:68:20:68:Infinity":19,"f:70:12:70:16":8,"s:70:28:70:28":20,"b:79:23:82:Infinity:82:32:82:Infinity":4}}}
,"/Users/rodrigomatheusdasilva/Library/CloudStorage/GoogleDrive-rodrigorizando@gmail.com/Meu Drive/projetos/tudio-v2/frontend/src/components/ui/AppVoiceSelector.vue": {"path":"/Users/rodrigomatheusdasilva/Library/CloudStorage/GoogleDrive-rodrigorizando@gmail.com/Meu Drive/projetos/tudio-v2/frontend/src/components/ui/AppVoiceSelector.vue","statementMap":{"0":{"start":{"line":18,"column":13},"end":{"line":18,"column":null}},"1":{"start":{"line":20,"column":6},"end":{"line":20,"column":null}},"2":{"start":{"line":21,"column":6},"end":{"line":21,"column":null}},"3":{"start":{"line":22,"column":6},"end":{"line":22,"column":null}},"4":{"start":{"line":23,"column":6},"end":{"line":23,"column":null}},"5":{"start":{"line":24,"column":6},"end":{"line":24,"column":null}},"6":{"start":{"line":26,"column":0},"end":{"line":35,"column":null}},"7":{"start":{"line":27,"column":2},"end":{"line":34,"column":null}},"8":{"start":{"line":28,"column":21},"end":{"line":28,"column":null}},"9":{"start":{"line":29,"column":4},"end":{"line":29,"column":null}},"10":{"start":{"line":31,"column":4},"end":{"line":31,"column":null}},"11":{"start":{"line":33,"column":4},"end":{"line":33,"column":null}},"12":{"start":{"line":37,"column":20},"end":{"line":40,"column":null}},"13":{"start":{"line":38,"column":2},"end":{"line":38,"column":null}},"14":{"start":{"line":39,"column":2},"end":{"line":39,"column":null}},"15":{"start":{"line":42,"column":20},"end":{"line":70,"column":null}},"16":{"start":{"line":43,"column":2},"end":{"line":43,"column":null}},"17":{"start":{"line":45,"column":2},"end":{"line":69,"column":null}},"18":{"start":{"line":46,"column":4},"end":{"line":46,"column":null}},"19":{"start":{"line":47,"column":4},"end":{"line":47,"column":null}},"20":{"start":{"line":49,"column":4},"end":{"line":51,"column":null}},"21":{"start":{"line":50,"column":6},"end":{"line":50,"column":null}},"22":{"start":{"line":53,"column":4},"end":{"line":68,"column":null}},"23":{"start":{"line":54,"column":22},"end":{"line":54,"column":null}},"24":{"start":{"line":55,"column":8},"end":{"line":55,"column":null}},"25":{"start":{"line":56,"column":8},"end":{"line":56,"column":null}},"26":{"start":{"line":58,"column":8},"end":{"line":60,"column":null}},"27":{"start":{"line":59,"column":10},"end":{"line":59,"column":null}},"28":{"start":{"line":62,"column":8},"end":{"line":62,"column":null}},"29":{"start":{"line":62,"column":34},"end":{"line":62,"column":67}},"30":{"start":{"line":64,"column":8},"end":{"line":64,"column":null}},"31":{"start":{"line":65,"column":8},"end":{"line":65,"column":null}},"32":{"start":{"line":67,"column":8},"end":{"line":67,"column":null}},"33":{"start":{"line":72,"column":25},"end":{"line":89,"column":null}},"34":{"start":{"line":73,"column":38},"end":{"line":87,"column":null}},"35":{"start":{"line":88,"column":2},"end":{"line":88,"column":null}},"36":{"start":{"line":93,"column":7},"end":{"line":93,"column":null}},"37":{"start":{"line":100,"column":11},"end":{"line":100,"column":null}},"38":{"start":{"line":161,"column":13},"end":{"line":161,"column":null}},"39":{"start":{"line":162,"column":15},"end":{"line":162,"column":null}},"40":{"start":{"line":163,"column":18},"end":{"line":163,"column":58}},"41":{"start":{"line":171,"column":15},"end":{"line":171,"column":null}},"42":{"start":{"line":172,"column":18},"end":{"line":172,"column":null}},"43":{"start":{"line":93,"column":2},"end":{"line":190,"column":null}},"44":{"start":{"line":98,"column":14},"end":{"line":98,"column":null}},"45":{"start":{"line":133,"column":6},"end":{"line":179,"column":null}},"46":{"start":{"line":139,"column":16},"end":{"line":139,"column":null}},"47":{"start":{"line":145,"column":25},"end":{"line":145,"column":null}},"48":{"start":{"line":190,"column":14},"end":{"line":190,"column":null}}},"fnMap":{"0":{"name":"(anonymous_0)","decl":{"start":{"line":26,"column":10},"end":{"line":26,"column":22}},"loc":{"start":{"line":26,"column":22},"end":{"line":35,"column":1}},"line":26},"1":{"name":"(anonymous_1)","decl":{"start":{"line":37,"column":20},"end":{"line":37,"column":21}},"loc":{"start":{"line":37,"column":43},"end":{"line":40,"column":null}},"line":37},"2":{"name":"(anonymous_2)","decl":{"start":{"line":42,"column":20},"end":{"line":42,"column":21}},"loc":{"start":{"line":42,"column":48},"end":{"line":70,"column":null}},"line":42},"3":{"name":"(anonymous_3)","decl":{"start":{"line":58,"column":24},"end":{"line":58,"column":30}},"loc":{"start":{"line":58,"column":30},"end":{"line":60,"column":null}},"line":58},"4":{"name":"(anonymous_4)","decl":{"start":{"line":62,"column":27},"end":{"line":62,"column":34}},"loc":{"start":{"line":62,"column":34},"end":{"line":62,"column":67}},"line":62},"5":{"name":"(anonymous_5)","decl":{"start":{"line":72,"column":25},"end":{"line":72,"column":26}},"loc":{"start":{"line":72,"column":47},"end":{"line":89,"column":null}},"line":72},"6":{"name":"(anonymous_6)","decl":{"start":{"line":98,"column":12},"end":{"line":98,"column":14}},"loc":{"start":{"line":98,"column":14},"end":{"line":98,"column":null}},"line":98},"7":{"name":"(anonymous_7)","decl":{"start":{"line":134,"column":30},"end":{"line":134,"column":null}},"loc":{"start":{"line":134,"column":20},"end":{"line":179,"column":null}},"line":134},"8":{"name":"(anonymous_8)","decl":{"start":{"line":139,"column":14},"end":{"line":139,"column":16}},"loc":{"start":{"line":139,"column":16},"end":{"line":139,"column":null}},"line":139},"9":{"name":"(anonymous_9)","decl":{"start":{"line":145,"column":16},"end":{"line":145,"column":19}},"loc":{"start":{"line":145,"column":25},"end":{"line":145,"column":null}},"line":145},"10":{"name":"(anonymous_10)","decl":{"start":{"line":190,"column":12},"end":{"line":190,"column":14}},"loc":{"start":{"line":190,"column":14},"end":{"line":190,"column":null}},"line":190}},"branchMap":{"0":{"loc":{"start":{"line":45,"column":2},"end":{"line":69,"column":null}},"type":"if","locations":[{"start":{"line":45,"column":2},"end":{"line":69,"column":null}},{"start":{"line":48,"column":9},"end":{"line":69,"column":null}}],"line":45},"1":{"loc":{"start":{"line":49,"column":4},"end":{"line":51,"column":null}},"type":"if","locations":[{"start":{"line":49,"column":4},"end":{"line":51,"column":null}},{"start":{},"end":{}}],"line":49},"2":{"loc":{"start":{"line":88,"column":9},"end":{"line":88,"column":null}},"type":"binary-expr","locations":[{"start":{"line":88,"column":9},"end":{"line":88,"column":26}},{"start":{"line":88,"column":26},"end":{"line":88,"column":null}}],"line":88},"3":{"loc":{"start":{"line":98,"column":12},"end":{"line":98,"column":null}},"type":"binary-expr","locations":[{"start":{"line":98,"column":12},"end":{"line":98,"column":14}},{"start":{"line":98,"column":12},"end":{"line":98,"column":null}}],"line":98},"4":{"loc":{"start":{"line":106,"column":16},"end":{"line":112,"column":36}},"type":"cond-expr","locations":[{"start":{"line":106,"column":16},"end":{"line":108,"column":32}},{"start":{"line":108,"column":22},"end":{"line":112,"column":36}}],"line":106},"5":{"loc":{"start":{"line":115,"column":14},"end":{"line":117,"column":null}},"type":"cond-expr","locations":[{"start":{"line":115,"column":14},"end":{"line":117,"column":null}},{"start":{"line":117,"column":14},"end":{"line":117,"column":null}}],"line":115},"6":{"loc":{"start":{"line":123,"column":12},"end":{"line":179,"column":null}},"type":"cond-expr","locations":[{"start":{"line":123,"column":12},"end":{"line":179,"column":null}}],"line":123},"7":{"loc":{"start":{"line":127,"column":14},"end":{"line":179,"column":null}},"type":"cond-expr","locations":[{"start":{"line":127,"column":14},"end":{"line":131,"column":12}},{"start":{"line":131,"column":6},"end":{"line":179,"column":null}}],"line":127},"8":{"loc":{"start":{"line":148,"column":18},"end":{"line":156,"column":null}},"type":"cond-expr","locations":[{"start":{"line":148,"column":41},"end":{"line":150,"column":null}},{"start":{"line":150,"column":17},"end":{"line":156,"column":null}}],"line":148},"9":{"loc":{"start":{"line":165,"column":20},"end":{"line":168,"column":34}},"type":"cond-expr","locations":[{"start":{"line":165,"column":41},"end":{"line":168,"column":34}},{"start":{"line":168,"column":30},"end":{"line":168,"column":34}}],"line":165},"10":{"loc":{"start":{"line":173,"column":17},"end":{"line":173,"column":null}},"type":"cond-expr","locations":[{"start":{"line":173,"column":29},"end":{"line":173,"column":null}},{"start":{"line":173,"column":29},"end":{"line":173,"column":null}}],"line":173},"11":{"loc":{"start":{"line":188,"column":12},"end":{"line":190,"column":null}},"type":"cond-expr","locations":[{"start":{"line":188,"column":12},"end":{"line":190,"column":null}},{"start":{"line":190,"column":20},"end":{"line":190,"column":null}}],"line":188},"12":{"loc":{"start":{"line":190,"column":12},"end":{"line":190,"column":null}},"type":"binary-expr","locations":[{"start":{"line":190,"column":12},"end":{"line":190,"column":14}},{"start":{"line":190,"column":12},"end":{"line":190,"column":null}}],"line":190}},"s":{"0":4,"1":4,"2":4,"3":4,"4":4,"5":4,"6":4,"7":4,"8":4,"9":3,"10":1,"11":4,"12":4,"13":1,"14":1,"15":4,"16":1,"17":1,"18":0,"19":0,"20":1,"21":0,"22":1,"23":1,"24":1,"25":1,"26":1,"27":0,"28":1,"29":0,"30":1,"31":1,"32":1,"33":4,"34":4,"35":4,"36":1,"37":1,"38":1,"39":1,"40":1,"41":1,"42":1,"43":12,"44":3,"45":4,"46":1,"47":1,"48":0},"f":{"0":4,"1":1,"2":1,"3":0,"4":0,"5":4,"6":3,"7":4,"8":1,"9":1,"10":0},"b":{"0":[0,1],"1":[0,1],"2":[4,4],"3":[12,4],"4":[0,12],"5":[4,8],"6":[3,null],"7":[0,3],"8":[0,4],"9":[0,4],"10":[3,1],"11":[3,9],"12":[3,3]},"meta":{"lastBranch":13,"lastFunction":11,"lastStatement":49,"seen":{"s:18:13:18:Infinity":0,"s:20:6:20:Infinity":1,"s:21:6:21:Infinity":2,"s:22:6:22:Infinity":3,"s:23:6:23:Infinity":4,"s:24:6:24:Infinity":5,"s:26:0:35:Infinity":6,"f:26:10:26:22":0,"s:27:2:34:Infinity":7,"s:28:21:28:Infinity":8,"s:29:4:29:Infinity":9,"s:31:4:31:Infinity":10,"s:33:4:33:Infinity":11,"s:37:20:40:Infinity":12,"f:37:20:37:21":1,"s:38:2:38:Infinity":13,"s:39:2:39:Infinity":14,"s:42:20:70:Infinity":15,"f:42:20:42:21":2,"s:43:2:43:Infinity":16,"b:45:2:69:Infinity:48:9:69:Infinity":0,"s:45:2:69:Infinity":17,"s:46:4:46:Infinity":18,"s:47:4:47:Infinity":19,"b:49:4:51:Infinity:undefined:undefined:undefined:undefined":1,"s:49:4:51:Infinity":20,"s:50:6:50:Infinity":21,"s:53:4:68:Infinity":22,"s:54:22:54:Infinity":23,"s:55:8:55:Infinity":24,"s:56:8:56:Infinity":25,"s:58:8:60:Infinity":26,"f:58:24:58:30":3,"s:59:10:59:Infinity":27,"s:62:8:62:Infinity":28,"f:62:27:62:34":4,"s:62:34:62:67":29,"s:64:8:64:Infinity":30,"s:65:8:65:Infinity":31,"s:67:8:67:Infinity":32,"s:72:25:89:Infinity":33,"f:72:25:72:26":5,"s:73:38:87:Infinity":34,"s:88:2:88:Infinity":35,"b:88:9:88:26:88:26:88:Infinity":2,"s:93:7:93:Infinity":36,"s:100:11:100:Infinity":37,"s:161:13:161:Infinity":38,"s:162:15:162:Infinity":39,"s:163:18:163:58":40,"s:171:15:171:Infinity":41,"s:172:18:172:Infinity":42,"s:93:2:190:Infinity":43,"b:98:12:98:14:98:12:98:Infinity":3,"f:98:12:98:14":6,"s:98:14:98:Infinity":44,"b:106:16:108:32:108:22:112:36":4,"b:115:14:117:Infinity:117:14:117:Infinity":5,"b:123:12:179:Infinity":6,"b:127:14:131:12:131:6:179:Infinity":7,"f:134:30:134:Infinity":7,"s:133:6:179:Infinity":45,"f:139:14:139:16":8,"s:139:16:139:Infinity":46,"f:145:16:145:19":9,"s:145:25:145:Infinity":47,"b:148:41:150:Infinity:150:17:156:Infinity":8,"b:165:41:168:34:168:30:168:34":9,"b:173:29:173:Infinity:173:29:173:Infinity":10,"b:188:12:190:Infinity:190:20:190:Infinity":11,"b:190:12:190:14:190:12:190:Infinity":12,"f:190:12:190:14":10,"s:190:14:190:Infinity":48}}}
,"/Users/rodrigomatheusdasilva/Library/CloudStorage/GoogleDrive-rodrigorizando@gmail.com/Meu Drive/projetos/tudio-v2/frontend/src/components/ui/LoadingBar.vue": {"path":"/Users/rodrigomatheusdasilva/Library/CloudStorage/GoogleDrive-rodrigorizando@gmail.com/Meu Drive/projetos/tudio-v2/frontend/src/components/ui/LoadingBar.vue","statementMap":{"0":{"start":{"line":4,"column":6},"end":{"line":4,"column":null}},"1":{"start":{"line":9,"column":10},"end":{"line":12,"column":40}}},"fnMap":{},"branchMap":{"0":{"loc":{"start":{"line":9,"column":10},"end":{"line":12,"column":40}},"type":"cond-expr","locations":[{"start":{"line":9,"column":18},"end":{"line":12,"column":40}},{"start":{"line":12,"column":37},"end":{"line":12,"column":40}}],"line":9},"1":{"loc":{"start":{"line":13,"column":8},"end":{"line":12,"column":40}},"type":"binary-expr","locations":[{"start":{"line":13,"column":8},"end":{"line":13,"column":null}},{"start":{"line":13,"column":8},"end":{"line":12,"column":40}}],"line":13}},"s":{"0":2,"1":2},"f":{},"b":{"0":[1,1],"1":[1,1]},"meta":{"lastBranch":0,"lastFunction":0,"lastStatement":0,"seen":{}}}
,"/Users/rodrigomatheusdasilva/Library/CloudStorage/GoogleDrive-rodrigorizando@gmail.com/Meu Drive/projetos/tudio-v2/frontend/src/lib/axios.ts": {"path":"/Users/rodrigomatheusdasilva/Library/CloudStorage/GoogleDrive-rodrigorizando@gmail.com/Meu Drive/projetos/tudio-v2/frontend/src/lib/axios.ts","statementMap":{"0":{"start":{"line":3,"column":12},"end":{"line":8,"column":null}},"1":{"start":{"line":11,"column":0},"end":{"line":20,"column":null}},"2":{"start":{"line":12,"column":18},"end":{"line":12,"column":null}},"3":{"start":{"line":13,"column":4},"end":{"line":18,"column":null}},"4":{"start":{"line":14,"column":8},"end":{"line":14,"column":null}},"5":{"start":{"line":15,"column":8},"end":{"line":15,"column":null}},"6":{"start":{"line":17,"column":8},"end":{"line":17,"column":null}},"7":{"start":{"line":19,"column":4},"end":{"line":19,"column":null}},"8":{"start":{"line":23,"column":0},"end":{"line":32,"column":null}},"9":{"start":{"line":24,"column":18},"end":{"line":24,"column":null}},"10":{"start":{"line":26,"column":8},"end":{"line":29,"column":null}},"11":{"start":{"line":27,"column":12},"end":{"line":27,"column":null}},"12":{"start":{"line":28,"column":12},"end":{"line":28,"column":null}},"13":{"start":{"line":30,"column":8},"end":{"line":30,"column":null}}},"fnMap":{"0":{"name":"(anonymous_0)","decl":{"start":{"line":11,"column":29},"end":{"line":11,"column":30}},"loc":{"start":{"line":11,"column":41},"end":{"line":20,"column":1}},"line":11},"1":{"name":"(anonymous_1)","decl":{"start":{"line":24,"column":4},"end":{"line":24,"column":5}},"loc":{"start":{"line":24,"column":18},"end":{"line":24,"column":null}},"line":24},"2":{"name":"(anonymous_2)","decl":{"start":{"line":25,"column":4},"end":{"line":25,"column":5}},"loc":{"start":{"line":25,"column":15},"end":{"line":31,"column":null}},"line":25}},"branchMap":{"0":{"loc":{"start":{"line":13,"column":4},"end":{"line":18,"column":null}},"type":"if","locations":[{"start":{"line":13,"column":4},"end":{"line":18,"column":null}},{"start":{"line":16,"column":11},"end":{"line":18,"column":null}}],"line":13},"1":{"loc":{"start":{"line":26,"column":8},"end":{"line":29,"column":null}},"type":"if","locations":[{"start":{"line":26,"column":8},"end":{"line":29,"column":null}},{"start":{},"end":{}}],"line":26}},"s":{"0":2,"1":2,"2":2,"3":2,"4":1,"5":1,"6":1,"7":2,"8":2,"9":1,"10":2,"11":1,"12":1,"13":2},"f":{"0":2,"1":1,"2":2},"b":{"0":[1,1],"1":[1,1]},"meta":{"lastBranch":2,"lastFunction":3,"lastStatement":14,"seen":{"s:3:12:8:Infinity":0,"s:11:0:20:Infinity":1,"f:11:29:11:30":0,"s:12:18:12:Infinity":2,"b:13:4:18:Infinity:16:11:18:Infinity":0,"s:13:4:18:Infinity":3,"s:14:8:14:Infinity":4,"s:15:8:15:Infinity":5,"s:17:8:17:Infinity":6,"s:19:4:19:Infinity":7,"s:23:0:32:Infinity":8,"f:24:4:24:5":1,"s:24:18:24:Infinity":9,"f:25:4:25:5":2,"b:26:8:29:Infinity:undefined:undefined:undefined:undefined":1,"s:26:8:29:Infinity":10,"s:27:12:27:Infinity":11,"s:28:12:28:Infinity":12,"s:30:8:30:Infinity":13}}}
,"/Users/rodrigomatheusdasilva/Library/CloudStorage/GoogleDrive-rodrigorizando@gmail.com/Meu Drive/projetos/tudio-v2/frontend/src/stores/auth.store.ts": {"path":"/Users/rodrigomatheusdasilva/Library/CloudStorage/GoogleDrive-rodrigorizando@gmail.com/Meu Drive/projetos/tudio-v2/frontend/src/stores/auth.store.ts","statementMap":{"0":{"start":{"line":12,"column":13},"end":{"line":80,"column":null}},"1":{"start":{"line":13,"column":10},"end":{"line":15,"column":null}},"2":{"start":{"line":16,"column":10},"end":{"line":16,"column":null}},"3":{"start":{"line":17,"column":10},"end":{"line":17,"column":null}},"4":{"start":{"line":18,"column":10},"end":{"line":18,"column":null}},"5":{"start":{"line":20,"column":10},"end":{"line":20,"column":null}},"6":{"start":{"line":20,"column":43},"end":{"line":20,"column":56}},"7":{"start":{"line":22,"column":18},"end":{"line":49,"column":null}},"8":{"start":{"line":23,"column":8},"end":{"line":23,"column":null}},"9":{"start":{"line":24,"column":8},"end":{"line":24,"column":null}},"10":{"start":{"line":25,"column":8},"end":{"line":48,"column":null}},"11":{"start":{"line":26,"column":27},"end":{"line":26,"column":null}},"12":{"start":{"line":27,"column":12},"end":{"line":27,"column":null}},"13":{"start":{"line":28,"column":12},"end":{"line":28,"column":null}},"14":{"start":{"line":30,"column":29},"end":{"line":32,"column":null}},"15":{"start":{"line":34,"column":32},"end":{"line":34,"column":null}},"16":{"start":{"line":35,"column":12},"end":{"line":35,"column":null}},"17":{"start":{"line":36,"column":12},"end":{"line":36,"column":null}},"18":{"start":{"line":39,"column":12},"end":{"line":39,"column":null}},"19":{"start":{"line":41,"column":12},"end":{"line":41,"column":null}},"20":{"start":{"line":43,"column":12},"end":{"line":43,"column":null}},"21":{"start":{"line":44,"column":12},"end":{"line":44,"column":null}},"22":{"start":{"line":45,"column":12},"end":{"line":45,"column":null}},"23":{"start":{"line":47,"column":12},"end":{"line":47,"column":null}},"24":{"start":{"line":51,"column":22},"end":{"line":61,"column":null}},"25":{"start":{"line":52,"column":8},"end":{"line":52,"column":null}},"26":{"start":{"line":52,"column":26},"end":{"line":52,"column":null}},"27":{"start":{"line":53,"column":8},"end":{"line":60,"column":null}},"28":{"start":{"line":54,"column":29},"end":{"line":54,"column":null}},"29":{"start":{"line":55,"column":12},"end":{"line":55,"column":null}},"30":{"start":{"line":56,"column":12},"end":{"line":56,"column":null}},"31":{"start":{"line":58,"column":12},"end":{"line":58,"column":null}},"32":{"start":{"line":59,"column":12},"end":{"line":59,"column":null}},"33":{"start":{"line":63,"column":19},"end":{"line":68,"column":null}},"34":{"start":{"line":64,"column":8},"end":{"line":64,"column":null}},"35":{"start":{"line":65,"column":8},"end":{"line":65,"column":null}},"36":{"start":{"line":66,"column":8},"end":{"line":66,"column":null}},"37":{"start":{"line":67,"column":8},"end":{"line":67,"column":null}},"38":{"start":{"line":70,"column":4},"end":{"line":79,"column":null}}},"fnMap":{"0":{"name":"(anonymous_0)","decl":{"start":{"line":12,"column":48},"end":{"line":12,"column":54}},"loc":{"start":{"line":12,"column":54},"end":{"line":80,"column":1}},"line":12},"1":{"name":"(anonymous_1)","decl":{"start":{"line":20,"column":37},"end":{"line":20,"column":43}},"loc":{"start":{"line":20,"column":43},"end":{"line":20,"column":56}},"line":20},"2":{"name":"(anonymous_2)","decl":{"start":{"line":22,"column":18},"end":{"line":22,"column":25}},"loc":{"start":{"line":22,"column":82},"end":{"line":49,"column":null}},"line":22},"3":{"name":"(anonymous_3)","decl":{"start":{"line":51,"column":22},"end":{"line":51,"column":34}},"loc":{"start":{"line":51,"column":34},"end":{"line":61,"column":null}},"line":51},"4":{"name":"(anonymous_4)","decl":{"start":{"line":63,"column":19},"end":{"line":63,"column":25}},"loc":{"start":{"line":63,"column":25},"end":{"line":68,"column":null}},"line":63}},"branchMap":{"0":{"loc":{"start":{"line":14,"column":8},"end":{"line":14,"column":null}},"type":"cond-expr","locations":[{"start":{"line":14,"column":39},"end":{"line":14,"column":83}},{"start":{"line":14,"column":83},"end":{"line":14,"column":null}}],"line":14},"1":{"loc":{"start":{"line":44,"column":26},"end":{"line":44,"column":null}},"type":"binary-expr","locations":[{"start":{"line":44,"column":26},"end":{"line":44,"column":54}},{"start":{"line":44,"column":54},"end":{"line":44,"column":null}}],"line":44},"2":{"loc":{"start":{"line":52,"column":8},"end":{"line":52,"column":null}},"type":"if","locations":[{"start":{"line":52,"column":8},"end":{"line":52,"column":null}},{"start":{},"end":{}}],"line":52}},"s":{"0":2,"1":9,"2":9,"3":9,"4":9,"5":9,"6":2,"7":9,"8":2,"9":2,"10":2,"11":2,"12":2,"13":2,"14":2,"15":1,"16":1,"17":1,"18":1,"19":1,"20":1,"21":1,"22":1,"23":2,"24":9,"25":3,"26":1,"27":2,"28":2,"29":2,"30":2,"31":0,"32":0,"33":9,"34":0,"35":0,"36":0,"37":0,"38":9},"f":{"0":9,"1":2,"2":2,"3":3,"4":0},"b":{"0":[0,9],"1":[1,1],"2":[1,2]},"meta":{"lastBranch":3,"lastFunction":5,"lastStatement":39,"seen":{"s:12:13:80:Infinity":0,"f:12:48:12:54":0,"s:13:10:15:Infinity":1,"b:14:39:14:83:14:83:14:Infinity":0,"s:16:10:16:Infinity":2,"s:17:10:17:Infinity":3,"s:18:10:18:Infinity":4,"s:20:10:20:Infinity":5,"f:20:37:20:43":1,"s:20:43:20:56":6,"s:22:18:49:Infinity":7,"f:22:18:22:25":2,"s:23:8:23:Infinity":8,"s:24:8:24:Infinity":9,"s:25:8:48:Infinity":10,"s:26:27:26:Infinity":11,"s:27:12:27:Infinity":12,"s:28:12:28:Infinity":13,"s:30:29:32:Infinity":14,"s:34:32:34:Infinity":15,"s:35:12:35:Infinity":16,"s:36:12:36:Infinity":17,"s:39:12:39:Infinity":18,"s:41:12:41:Infinity":19,"s:43:12:43:Infinity":20,"s:44:12:44:Infinity":21,"b:44:26:44:54:44:54:44:Infinity":1,"s:45:12:45:Infinity":22,"s:47:12:47:Infinity":23,"s:51:22:61:Infinity":24,"f:51:22:51:34":3,"b:52:8:52:Infinity:undefined:undefined:undefined:undefined":2,"s:52:8:52:Infinity":25,"s:52:26:52:Infinity":26,"s:53:8:60:Infinity":27,"s:54:29:54:Infinity":28,"s:55:12:55:Infinity":29,"s:56:12:56:Infinity":30,"s:58:12:58:Infinity":31,"s:59:12:59:Infinity":32,"s:63:19:68:Infinity":33,"f:63:19:63:25":4,"s:64:8:64:Infinity":34,"s:65:8:65:Infinity":35,"s:66:8:66:Infinity":36,"s:67:8:67:Infinity":37,"s:70:4:79:Infinity":38}}}
,"/Users/rodrigomatheusdasilva/Library/CloudStorage/GoogleDrive-rodrigorizando@gmail.com/Meu Drive/projetos/tudio-v2/frontend/src/stores/ui.store.ts": {"path":"/Users/rodrigomatheusdasilva/Library/CloudStorage/GoogleDrive-rodrigorizando@gmail.com/Meu Drive/projetos/tudio-v2/frontend/src/stores/ui.store.ts","statementMap":{"0":{"start":{"line":4,"column":13},"end":{"line":22,"column":null}},"1":{"start":{"line":5,"column":10},"end":{"line":5,"column":null}},"2":{"start":{"line":7,"column":25},"end":{"line":7,"column":null}},"3":{"start":{"line":7,"column":33},"end":{"line":7,"column":62}},"4":{"start":{"line":8,"column":24},"end":{"line":8,"column":null}},"5":{"start":{"line":8,"column":32},"end":{"line":8,"column":62}},"6":{"start":{"line":11,"column":22},"end":{"line":14,"column":null}},"7":{"start":{"line":12,"column":8},"end":{"line":12,"column":null}},"8":{"start":{"line":16,"column":4},"end":{"line":21,"column":null}}},"fnMap":{"0":{"name":"(anonymous_0)","decl":{"start":{"line":4,"column":44},"end":{"line":4,"column":50}},"loc":{"start":{"line":4,"column":50},"end":{"line":22,"column":1}},"line":4},"1":{"name":"(anonymous_1)","decl":{"start":{"line":7,"column":25},"end":{"line":7,"column":31}},"loc":{"start":{"line":7,"column":31},"end":{"line":7,"column":null}},"line":7},"2":{"name":"(anonymous_2)","decl":{"start":{"line":8,"column":24},"end":{"line":8,"column":30}},"loc":{"start":{"line":8,"column":30},"end":{"line":8,"column":null}},"line":8},"3":{"name":"(anonymous_3)","decl":{"start":{"line":11,"column":22},"end":{"line":11,"column":23}},"loc":{"start":{"line":11,"column":88},"end":{"line":14,"column":null}},"line":11}},"branchMap":{"0":{"loc":{"start":{"line":11,"column":40},"end":{"line":11,"column":88}},"type":"default-arg","locations":[{"start":{"line":11,"column":77},"end":{"line":11,"column":88}}],"line":11}},"s":{"0":3,"1":39,"2":39,"3":17,"4":39,"5":16,"6":39,"7":3,"8":39},"f":{"0":39,"1":17,"2":16,"3":3},"b":{"0":[3]},"meta":{"lastBranch":1,"lastFunction":4,"lastStatement":9,"seen":{"s:4:13:22:Infinity":0,"f:4:44:4:50":0,"s:5:10:5:Infinity":1,"s:7:25:7:Infinity":2,"f:7:25:7:31":1,"s:7:33:7:62":3,"s:8:24:8:Infinity":4,"f:8:24:8:30":2,"s:8:32:8:62":5,"s:11:22:14:Infinity":6,"f:11:22:11:23":3,"b:11:77:11:88":0,"s:12:8:12:Infinity":7,"s:16:4:21:Infinity":8}}}
,"/Users/rodrigomatheusdasilva/Library/CloudStorage/GoogleDrive-rodrigorizando@gmail.com/Meu Drive/projetos/tudio-v2/frontend/src/stores/video.store.ts": {"path":"/Users/rodrigomatheusdasilva/Library/CloudStorage/GoogleDrive-rodrigorizando@gmail.com/Meu Drive/projetos/tudio-v2/frontend/src/stores/video.store.ts","statementMap":{"0":{"start":{"line":43,"column":13},"end":{"line":352,"column":null}},"1":{"start":{"line":44,"column":10},"end":{"line":44,"column":null}},"2":{"start":{"line":45,"column":10},"end":{"line":45,"column":null}},"3":{"start":{"line":46,"column":10},"end":{"line":46,"column":null}},"4":{"start":{"line":47,"column":10},"end":{"line":47,"column":null}},"5":{"start":{"line":48,"column":10},"end":{"line":48,"column":null}},"6":{"start":{"line":49,"column":10},"end":{"line":49,"column":null}},"7":{"start":{"line":51,"column":24},"end":{"line":64,"column":null}},"8":{"start":{"line":52,"column":8},"end":{"line":52,"column":null}},"9":{"start":{"line":53,"column":8},"end":{"line":53,"column":null}},"10":{"start":{"line":54,"column":8},"end":{"line":63,"column":null}},"11":{"start":{"line":55,"column":29},"end":{"line":55,"column":null}},"12":{"start":{"line":56,"column":12},"end":{"line":56,"column":null}},"13":{"start":{"line":58,"column":12},"end":{"line":58,"column":null}},"14":{"start":{"line":59,"column":12},"end":{"line":59,"column":null}},"15":{"start":{"line":60,"column":12},"end":{"line":60,"column":null}},"16":{"start":{"line":62,"column":12},"end":{"line":62,"column":null}},"17":{"start":{"line":66,"column":21},"end":{"line":77,"column":null}},"18":{"start":{"line":67,"column":8},"end":{"line":67,"column":null}},"19":{"start":{"line":68,"column":8},"end":{"line":68,"column":null}},"20":{"start":{"line":69,"column":8},"end":{"line":76,"column":null}},"21":{"start":{"line":70,"column":29},"end":{"line":70,"column":null}},"22":{"start":{"line":71,"column":12},"end":{"line":71,"column":null}},"23":{"start":{"line":73,"column":12},"end":{"line":73,"column":null}},"24":{"start":{"line":75,"column":12},"end":{"line":75,"column":null}},"25":{"start":{"line":79,"column":24},"end":{"line":95,"column":null}},"26":{"start":{"line":81,"column":8},"end":{"line":81,"column":null}},"27":{"start":{"line":82,"column":8},"end":{"line":82,"column":null}},"28":{"start":{"line":83,"column":8},"end":{"line":94,"column":null}},"29":{"start":{"line":84,"column":29},"end":{"line":84,"column":null}},"30":{"start":{"line":86,"column":29},"end":{"line":86,"column":null}},"31":{"start":{"line":87,"column":12},"end":{"line":87,"column":null}},"32":{"start":{"line":88,"column":12},"end":{"line":88,"column":null}},"33":{"start":{"line":90,"column":12},"end":{"line":90,"column":null}},"34":{"start":{"line":91,"column":12},"end":{"line":91,"column":null}},"35":{"start":{"line":93,"column":12},"end":{"line":93,"column":null}},"36":{"start":{"line":97,"column":27},"end":{"line":122,"column":null}},"37":{"start":{"line":98,"column":8},"end":{"line":98,"column":null}},"38":{"start":{"line":99,"column":8},"end":{"line":99,"column":null}},"39":{"start":{"line":100,"column":8},"end":{"line":100,"column":null}},"40":{"start":{"line":103,"column":8},"end":{"line":107,"column":null}},"41":{"start":{"line":104,"column":12},"end":{"line":104,"column":null}},"42":{"start":{"line":105,"column":12},"end":{"line":105,"column":null}},"43":{"start":{"line":106,"column":12},"end":{"line":106,"column":null}},"44":{"start":{"line":109,"column":8},"end":{"line":121,"column":null}},"45":{"start":{"line":110,"column":29},"end":{"line":110,"column":null}},"46":{"start":{"line":111,"column":12},"end":{"line":113,"column":null}},"47":{"start":{"line":112,"column":16},"end":{"line":112,"column":null}},"48":{"start":{"line":114,"column":12},"end":{"line":114,"column":null}},"49":{"start":{"line":116,"column":12},"end":{"line":116,"column":null}},"50":{"start":{"line":117,"column":12},"end":{"line":117,"column":null}},"51":{"start":{"line":119,"column":12},"end":{"line":119,"column":null}},"52":{"start":{"line":120,"column":12},"end":{"line":120,"column":null}},"53":{"start":{"line":124,"column":29},"end":{"line":141,"column":null}},"54":{"start":{"line":125,"column":8},"end":{"line":125,"column":null}},"55":{"start":{"line":126,"column":8},"end":{"line":126,"column":null}},"56":{"start":{"line":127,"column":8},"end":{"line":127,"column":null}},"57":{"start":{"line":128,"column":8},"end":{"line":140,"column":null}},"58":{"start":{"line":129,"column":29},"end":{"line":129,"column":null}},"59":{"start":{"line":130,"column":12},"end":{"line":132,"column":null}},"60":{"start":{"line":131,"column":16},"end":{"line":131,"column":null}},"61":{"start":{"line":133,"column":12},"end":{"line":133,"column":null}},"62":{"start":{"line":135,"column":12},"end":{"line":135,"column":null}},"63":{"start":{"line":136,"column":12},"end":{"line":136,"column":null}},"64":{"start":{"line":138,"column":12},"end":{"line":138,"column":null}},"65":{"start":{"line":139,"column":12},"end":{"line":139,"column":null}},"66":{"start":{"line":143,"column":24},"end":{"line":168,"column":null}},"67":{"start":{"line":144,"column":8},"end":{"line":144,"column":null}},"68":{"start":{"line":145,"column":8},"end":{"line":145,"column":null}},"69":{"start":{"line":146,"column":8},"end":{"line":167,"column":null}},"70":{"start":{"line":147,"column":29},"end":{"line":147,"column":null}},"71":{"start":{"line":150,"column":12},"end":{"line":152,"column":null}},"72":{"start":{"line":151,"column":16},"end":{"line":151,"column":null}},"73":{"start":{"line":155,"column":26},"end":{"line":155,"column":null}},"74":{"start":{"line":155,"column":54},"end":{"line":155,"column":65}},"75":{"start":{"line":156,"column":12},"end":{"line":158,"column":null}},"76":{"start":{"line":157,"column":16},"end":{"line":157,"column":null}},"77":{"start":{"line":160,"column":12},"end":{"line":160,"column":null}},"78":{"start":{"line":162,"column":12},"end":{"line":162,"column":null}},"79":{"start":{"line":163,"column":12},"end":{"line":163,"column":null}},"80":{"start":{"line":164,"column":12},"end":{"line":164,"column":null}},"81":{"start":{"line":166,"column":12},"end":{"line":166,"column":null}},"82":{"start":{"line":170,"column":27},"end":{"line":185,"column":null}},"83":{"start":{"line":171,"column":8},"end":{"line":171,"column":null}},"84":{"start":{"line":172,"column":8},"end":{"line":172,"column":null}},"85":{"start":{"line":173,"column":8},"end":{"line":173,"column":null}},"86":{"start":{"line":174,"column":8},"end":{"line":184,"column":null}},"87":{"start":{"line":175,"column":29},"end":{"line":175,"column":null}},"88":{"start":{"line":177,"column":12},"end":{"line":177,"column":null}},"89":{"start":{"line":179,"column":12},"end":{"line":179,"column":null}},"90":{"start":{"line":180,"column":12},"end":{"line":180,"column":null}},"91":{"start":{"line":182,"column":12},"end":{"line":182,"column":null}},"92":{"start":{"line":183,"column":12},"end":{"line":183,"column":null}},"93":{"start":{"line":187,"column":29},"end":{"line":214,"column":null}},"94":{"start":{"line":189,"column":8},"end":{"line":213,"column":null}},"95":{"start":{"line":190,"column":29},"end":{"line":190,"column":null}},"96":{"start":{"line":191,"column":12},"end":{"line":191,"column":null}},"97":{"start":{"line":192,"column":12},"end":{"line":192,"column":null}},"98":{"start":{"line":193,"column":12},"end":{"line":193,"column":null}},"99":{"start":{"line":194,"column":12},"end":{"line":194,"column":null}},"100":{"start":{"line":195,"column":12},"end":{"line":197,"column":null}},"101":{"start":{"line":196,"column":16},"end":{"line":196,"column":null}},"102":{"start":{"line":199,"column":29},"end":{"line":203,"column":null}},"103":{"start":{"line":206,"column":12},"end":{"line":208,"column":null}},"104":{"start":{"line":207,"column":16},"end":{"line":207,"column":null}},"105":{"start":{"line":209,"column":12},"end":{"line":209,"column":null}},"106":{"start":{"line":211,"column":12},"end":{"line":211,"column":null}},"107":{"start":{"line":212,"column":12},"end":{"line":212,"column":null}},"108":{"start":{"line":216,"column":29},"end":{"line":235,"column":null}},"109":{"start":{"line":217,"column":8},"end":{"line":234,"column":null}},"110":{"start":{"line":218,"column":29},"end":{"line":224,"column":null}},"111":{"start":{"line":227,"column":12},"end":{"line":229,"column":null}},"112":{"start":{"line":228,"column":16},"end":{"line":228,"column":null}},"113":{"start":{"line":230,"column":12},"end":{"line":230,"column":null}},"114":{"start":{"line":232,"column":12},"end":{"line":232,"column":null}},"115":{"start":{"line":233,"column":12},"end":{"line":233,"column":null}},"116":{"start":{"line":237,"column":24},"end":{"line":251,"column":null}},"117":{"start":{"line":238,"column":8},"end":{"line":250,"column":null}},"118":{"start":{"line":239,"column":29},"end":{"line":239,"column":null}},"119":{"start":{"line":240,"column":12},"end":{"line":240,"column":null}},"120":{"start":{"line":242,"column":26},"end":{"line":242,"column":null}},"121":{"start":{"line":242,"column":54},"end":{"line":242,"column":65}},"122":{"start":{"line":243,"column":12},"end":{"line":245,"column":null}},"123":{"start":{"line":244,"column":16},"end":{"line":244,"column":null}},"124":{"start":{"line":246,"column":12},"end":{"line":246,"column":null}},"125":{"start":{"line":248,"column":12},"end":{"line":248,"column":null}},"126":{"start":{"line":249,"column":12},"end":{"line":249,"column":null}},"127":{"start":{"line":253,"column":32},"end":{"line":270,"column":null}},"128":{"start":{"line":254,"column":8},"end":{"line":254,"column":null}},"129":{"start":{"line":255,"column":8},"end":{"line":255,"column":null}},"130":{"start":{"line":256,"column":8},"end":{"line":256,"column":null}},"131":{"start":{"line":257,"column":8},"end":{"line":269,"column":null}},"132":{"start":{"line":258,"column":29},"end":{"line":258,"column":null}},"133":{"start":{"line":259,"column":12},"end":{"line":261,"column":null}},"134":{"start":{"line":260,"column":16},"end":{"line":260,"column":null}},"135":{"start":{"line":262,"column":12},"end":{"line":262,"column":null}},"136":{"start":{"line":264,"column":12},"end":{"line":264,"column":null}},"137":{"start":{"line":265,"column":12},"end":{"line":265,"column":null}},"138":{"start":{"line":267,"column":12},"end":{"line":267,"column":null}},"139":{"start":{"line":268,"column":12},"end":{"line":268,"column":null}},"140":{"start":{"line":272,"column":33},"end":{"line":291,"column":null}},"141":{"start":{"line":273,"column":8},"end":{"line":273,"column":null}},"142":{"start":{"line":274,"column":8},"end":{"line":274,"column":null}},"143":{"start":{"line":275,"column":8},"end":{"line":275,"column":null}},"144":{"start":{"line":276,"column":8},"end":{"line":290,"column":null}},"145":{"start":{"line":277,"column":29},"end":{"line":279,"column":null}},"146":{"start":{"line":280,"column":12},"end":{"line":282,"column":null}},"147":{"start":{"line":281,"column":16},"end":{"line":281,"column":null}},"148":{"start":{"line":283,"column":12},"end":{"line":283,"column":null}},"149":{"start":{"line":285,"column":12},"end":{"line":285,"column":null}},"150":{"start":{"line":286,"column":12},"end":{"line":286,"column":null}},"151":{"start":{"line":288,"column":12},"end":{"line":288,"column":null}},"152":{"start":{"line":289,"column":12},"end":{"line":289,"column":null}},"153":{"start":{"line":293,"column":26},"end":{"line":310,"column":null}},"154":{"start":{"line":294,"column":8},"end":{"line":294,"column":null}},"155":{"start":{"line":295,"column":8},"end":{"line":295,"column":null}},"156":{"start":{"line":296,"column":8},"end":{"line":296,"column":null}},"157":{"start":{"line":297,"column":8},"end":{"line":309,"column":null}},"158":{"start":{"line":298,"column":29},"end":{"line":298,"column":null}},"159":{"start":{"line":299,"column":12},"end":{"line":301,"column":null}},"160":{"start":{"line":300,"column":16},"end":{"line":300,"column":null}},"161":{"start":{"line":302,"column":12},"end":{"line":302,"column":null}},"162":{"start":{"line":304,"column":12},"end":{"line":304,"column":null}},"163":{"start":{"line":305,"column":12},"end":{"line":305,"column":null}},"164":{"start":{"line":307,"column":12},"end":{"line":307,"column":null}},"165":{"start":{"line":308,"column":12},"end":{"line":308,"column":null}},"166":{"start":{"line":312,"column":24},"end":{"line":329,"column":null}},"167":{"start":{"line":313,"column":8},"end":{"line":328,"column":null}},"168":{"start":{"line":314,"column":12},"end":{"line":314,"column":null}},"169":{"start":{"line":317,"column":12},"end":{"line":317,"column":null}},"170":{"start":{"line":317,"column":52},"end":{"line":317,"column":63}},"171":{"start":{"line":320,"column":12},"end":{"line":322,"column":null}},"172":{"start":{"line":321,"column":16},"end":{"line":321,"column":null}},"173":{"start":{"line":323,"column":12},"end":{"line":323,"column":null}},"174":{"start":{"line":325,"column":12},"end":{"line":325,"column":null}},"175":{"start":{"line":326,"column":12},"end":{"line":326,"column":null}},"176":{"start":{"line":327,"column":12},"end":{"line":327,"column":null}},"177":{"start":{"line":331,"column":4},"end":{"line":351,"column":null}}},"fnMap":{"0":{"name":"(anonymous_0)","decl":{"start":{"line":43,"column":50},"end":{"line":43,"column":56}},"loc":{"start":{"line":43,"column":56},"end":{"line":352,"column":1}},"line":43},"1":{"name":"(anonymous_1)","decl":{"start":{"line":51,"column":24},"end":{"line":51,"column":36}},"loc":{"start":{"line":51,"column":36},"end":{"line":64,"column":null}},"line":51},"2":{"name":"(anonymous_2)","decl":{"start":{"line":66,"column":21},"end":{"line":66,"column":28}},"loc":{"start":{"line":66,"column":43},"end":{"line":77,"column":null}},"line":66},"3":{"name":"(anonymous_3)","decl":{"start":{"line":79,"column":24},"end":{"line":79,"column":31}},"loc":{"start":{"line":79,"column":282},"end":{"line":95,"column":null}},"line":79},"4":{"name":"(anonymous_4)","decl":{"start":{"line":97,"column":27},"end":{"line":97,"column":34}},"loc":{"start":{"line":97,"column":49},"end":{"line":122,"column":null}},"line":97},"5":{"name":"(anonymous_5)","decl":{"start":{"line":124,"column":29},"end":{"line":124,"column":36}},"loc":{"start":{"line":124,"column":75},"end":{"line":141,"column":null}},"line":124},"6":{"name":"(anonymous_6)","decl":{"start":{"line":143,"column":24},"end":{"line":143,"column":31}},"loc":{"start":{"line":143,"column":46},"end":{"line":168,"column":null}},"line":143},"7":{"name":"(anonymous_7)","decl":{"start":{"line":155,"column":49},"end":{"line":155,"column":54}},"loc":{"start":{"line":155,"column":54},"end":{"line":155,"column":65}},"line":155},"8":{"name":"(anonymous_8)","decl":{"start":{"line":170,"column":27},"end":{"line":170,"column":34}},"loc":{"start":{"line":170,"column":54},"end":{"line":185,"column":null}},"line":170},"9":{"name":"(anonymous_9)","decl":{"start":{"line":187,"column":29},"end":{"line":187,"column":36}},"loc":{"start":{"line":187,"column":148},"end":{"line":214,"column":null}},"line":187},"10":{"name":"(anonymous_10)","decl":{"start":{"line":216,"column":29},"end":{"line":216,"column":36}},"loc":{"start":{"line":216,"column":117},"end":{"line":235,"column":null}},"line":216},"11":{"name":"(anonymous_11)","decl":{"start":{"line":237,"column":24},"end":{"line":237,"column":31}},"loc":{"start":{"line":237,"column":57},"end":{"line":251,"column":null}},"line":237},"12":{"name":"(anonymous_12)","decl":{"start":{"line":242,"column":49},"end":{"line":242,"column":54}},"loc":{"start":{"line":242,"column":54},"end":{"line":242,"column":65}},"line":242},"13":{"name":"(anonymous_13)","decl":{"start":{"line":253,"column":32},"end":{"line":253,"column":39}},"loc":{"start":{"line":253,"column":59},"end":{"line":270,"column":null}},"line":253},"14":{"name":"(anonymous_14)","decl":{"start":{"line":272,"column":33},"end":{"line":272,"column":40}},"loc":{"start":{"line":272,"column":78},"end":{"line":291,"column":null}},"line":272},"15":{"name":"(anonymous_15)","decl":{"start":{"line":293,"column":26},"end":{"line":293,"column":33}},"loc":{"start":{"line":293,"column":48},"end":{"line":310,"column":null}},"line":293},"16":{"name":"(anonymous_16)","decl":{"start":{"line":312,"column":24},"end":{"line":312,"column":31}},"loc":{"start":{"line":312,"column":46},"end":{"line":329,"column":null}},"line":312},"17":{"name":"(anonymous_17)","decl":{"start":{"line":317,"column":47},"end":{"line":317,"column":52}},"loc":{"start":{"line":317,"column":52},"end":{"line":317,"column":63}},"line":317}},"branchMap":{"0":{"loc":{"start":{"line":56,"column":27},"end":{"line":56,"column":null}},"type":"binary-expr","locations":[{"start":{"line":56,"column":27},"end":{"line":56,"column":44}},{"start":{"line":56,"column":44},"end":{"line":56,"column":null}}],"line":56},"1":{"loc":{"start":{"line":60,"column":26},"end":{"line":60,"column":null}},"type":"binary-expr","locations":[{"start":{"line":60,"column":26},"end":{"line":60,"column":54}},{"start":{"line":60,"column":54},"end":{"line":60,"column":null}}],"line":60},"2":{"loc":{"start":{"line":73,"column":26},"end":{"line":73,"column":null}},"type":"binary-expr","locations":[{"start":{"line":73,"column":26},"end":{"line":73,"column":39}},{"start":{"line":73,"column":39},"end":{"line":73,"column":null}}],"line":73},"3":{"loc":{"start":{"line":90,"column":26},"end":{"line":90,"column":null}},"type":"binary-expr","locations":[{"start":{"line":90,"column":26},"end":{"line":90,"column":39}},{"start":{"line":90,"column":39},"end":{"line":90,"column":null}}],"line":90},"4":{"loc":{"start":{"line":103,"column":8},"end":{"line":107,"column":null}},"type":"if","locations":[{"start":{"line":103,"column":8},"end":{"line":107,"column":null}},{"start":{},"end":{}}],"line":103},"5":{"loc":{"start":{"line":103,"column":12},"end":{"line":103,"column":64}},"type":"binary-expr","locations":[{"start":{"line":103,"column":12},"end":{"line":103,"column":34}},{"start":{"line":103,"column":34},"end":{"line":103,"column":64}}],"line":103},"6":{"loc":{"start":{"line":111,"column":12},"end":{"line":113,"column":null}},"type":"if","locations":[{"start":{"line":111,"column":12},"end":{"line":113,"column":null}},{"start":{},"end":{}}],"line":111},"7":{"loc":{"start":{"line":111,"column":16},"end":{"line":111,"column":68}},"type":"binary-expr","locations":[{"start":{"line":111,"column":16},"end":{"line":111,"column":38}},{"start":{"line":111,"column":38},"end":{"line":111,"column":68}}],"line":111},"8":{"loc":{"start":{"line":116,"column":26},"end":{"line":116,"column":null}},"type":"binary-expr","locations":[{"start":{"line":116,"column":26},"end":{"line":116,"column":39}},{"start":{"line":116,"column":39},"end":{"line":116,"column":null}}],"line":116},"9":{"loc":{"start":{"line":130,"column":12},"end":{"line":132,"column":null}},"type":"if","locations":[{"start":{"line":130,"column":12},"end":{"line":132,"column":null}},{"start":{},"end":{}}],"line":130},"10":{"loc":{"start":{"line":130,"column":16},"end":{"line":130,"column":73}},"type":"binary-expr","locations":[{"start":{"line":130,"column":16},"end":{"line":130,"column":38}},{"start":{"line":130,"column":38},"end":{"line":130,"column":73}}],"line":130},"11":{"loc":{"start":{"line":135,"column":26},"end":{"line":135,"column":null}},"type":"binary-expr","locations":[{"start":{"line":135,"column":26},"end":{"line":135,"column":39}},{"start":{"line":135,"column":39},"end":{"line":135,"column":null}}],"line":135},"12":{"loc":{"start":{"line":150,"column":12},"end":{"line":152,"column":null}},"type":"if","locations":[{"start":{"line":150,"column":12},"end":{"line":152,"column":null}},{"start":{},"end":{}}],"line":150},"13":{"loc":{"start":{"line":150,"column":16},"end":{"line":150,"column":68}},"type":"binary-expr","locations":[{"start":{"line":150,"column":16},"end":{"line":150,"column":38}},{"start":{"line":150,"column":38},"end":{"line":150,"column":68}}],"line":150},"14":{"loc":{"start":{"line":156,"column":12},"end":{"line":158,"column":null}},"type":"if","locations":[{"start":{"line":156,"column":12},"end":{"line":158,"column":null}},{"start":{},"end":{}}],"line":156},"15":{"loc":{"start":{"line":179,"column":26},"end":{"line":179,"column":null}},"type":"binary-expr","locations":[{"start":{"line":179,"column":26},"end":{"line":179,"column":39}},{"start":{"line":179,"column":39},"end":{"line":179,"column":null}}],"line":179},"16":{"loc":{"start":{"line":195,"column":12},"end":{"line":197,"column":null}},"type":"if","locations":[{"start":{"line":195,"column":12},"end":{"line":197,"column":null}},{"start":{},"end":{}}],"line":195},"17":{"loc":{"start":{"line":206,"column":12},"end":{"line":208,"column":null}},"type":"if","locations":[{"start":{"line":206,"column":12},"end":{"line":208,"column":null}},{"start":{},"end":{}}],"line":206},"18":{"loc":{"start":{"line":206,"column":16},"end":{"line":206,"column":73}},"type":"binary-expr","locations":[{"start":{"line":206,"column":16},"end":{"line":206,"column":38}},{"start":{"line":206,"column":38},"end":{"line":206,"column":73}}],"line":206},"19":{"loc":{"start":{"line":227,"column":12},"end":{"line":229,"column":null}},"type":"if","locations":[{"start":{"line":227,"column":12},"end":{"line":229,"column":null}},{"start":{},"end":{}}],"line":227},"20":{"loc":{"start":{"line":227,"column":16},"end":{"line":227,"column":73}},"type":"binary-expr","locations":[{"start":{"line":227,"column":16},"end":{"line":227,"column":38}},{"start":{"line":227,"column":38},"end":{"line":227,"column":73}}],"line":227},"21":{"loc":{"start":{"line":243,"column":12},"end":{"line":245,"column":null}},"type":"if","locations":[{"start":{"line":243,"column":12},"end":{"line":245,"column":null}},{"start":{},"end":{}}],"line":243},"22":{"loc":{"start":{"line":259,"column":12},"end":{"line":261,"column":null}},"type":"if","locations":[{"start":{"line":259,"column":12},"end":{"line":261,"column":null}},{"start":{},"end":{}}],"line":259},"23":{"loc":{"start":{"line":259,"column":16},"end":{"line":259,"column":73}},"type":"binary-expr","locations":[{"start":{"line":259,"column":16},"end":{"line":259,"column":38}},{"start":{"line":259,"column":38},"end":{"line":259,"column":73}}],"line":259},"24":{"loc":{"start":{"line":264,"column":26},"end":{"line":264,"column":null}},"type":"binary-expr","locations":[{"start":{"line":264,"column":26},"end":{"line":264,"column":39}},{"start":{"line":264,"column":39},"end":{"line":264,"column":null}}],"line":264},"25":{"loc":{"start":{"line":272,"column":52},"end":{"line":272,"column":78}},"type":"default-arg","locations":[{"start":{"line":272,"column":63},"end":{"line":272,"column":78}}],"line":272},"26":{"loc":{"start":{"line":280,"column":12},"end":{"line":282,"column":null}},"type":"if","locations":[{"start":{"line":280,"column":12},"end":{"line":282,"column":null}},{"start":{},"end":{}}],"line":280},"27":{"loc":{"start":{"line":280,"column":16},"end":{"line":280,"column":68}},"type":"binary-expr","locations":[{"start":{"line":280,"column":16},"end":{"line":280,"column":38}},{"start":{"line":280,"column":38},"end":{"line":280,"column":68}}],"line":280},"28":{"loc":{"start":{"line":285,"column":26},"end":{"line":285,"column":null}},"type":"binary-expr","locations":[{"start":{"line":285,"column":26},"end":{"line":285,"column":39}},{"start":{"line":285,"column":39},"end":{"line":285,"column":null}}],"line":285},"29":{"loc":{"start":{"line":299,"column":12},"end":{"line":301,"column":null}},"type":"if","locations":[{"start":{"line":299,"column":12},"end":{"line":301,"column":null}},{"start":{},"end":{}}],"line":299},"30":{"loc":{"start":{"line":299,"column":16},"end":{"line":299,"column":68}},"type":"binary-expr","locations":[{"start":{"line":299,"column":16},"end":{"line":299,"column":38}},{"start":{"line":299,"column":38},"end":{"line":299,"column":68}}],"line":299},"31":{"loc":{"start":{"line":304,"column":26},"end":{"line":304,"column":null}},"type":"binary-expr","locations":[{"start":{"line":304,"column":26},"end":{"line":304,"column":39}},{"start":{"line":304,"column":39},"end":{"line":304,"column":null}}],"line":304},"32":{"loc":{"start":{"line":320,"column":12},"end":{"line":322,"column":null}},"type":"if","locations":[{"start":{"line":320,"column":12},"end":{"line":322,"column":null}},{"start":{},"end":{}}],"line":320},"33":{"loc":{"start":{"line":320,"column":16},"end":{"line":320,"column":68}},"type":"binary-expr","locations":[{"start":{"line":320,"column":16},"end":{"line":320,"column":38}},{"start":{"line":320,"column":38},"end":{"line":320,"column":68}}],"line":320},"34":{"loc":{"start":{"line":326,"column":26},"end":{"line":326,"column":null}},"type":"binary-expr","locations":[{"start":{"line":326,"column":26},"end":{"line":326,"column":54}},{"start":{"line":326,"column":54},"end":{"line":326,"column":null}}],"line":326}},"s":{"0":1,"1":36,"2":36,"3":36,"4":36,"5":36,"6":36,"7":36,"8":4,"9":4,"10":4,"11":4,"12":2,"13":2,"14":2,"15":2,"16":4,"17":36,"18":2,"19":2,"20":2,"21":2,"22":1,"23":1,"24":2,"25":36,"26":2,"27":2,"28":2,"29":2,"30":1,"31":1,"32":1,"33":1,"34":1,"35":2,"36":36,"37":4,"38":4,"39":4,"40":4,"41":1,"42":1,"43":1,"44":4,"45":4,"46":2,"47":1,"48":2,"49":2,"50":2,"51":4,"52":4,"53":36,"54":2,"55":2,"56":2,"57":2,"58":2,"59":1,"60":1,"61":1,"62":1,"63":1,"64":2,"65":2,"66":36,"67":3,"68":3,"69":3,"70":3,"71":2,"72":1,"73":2,"74":1,"75":2,"76":1,"77":2,"78":1,"79":1,"80":1,"81":3,"82":36,"83":2,"84":2,"85":2,"86":2,"87":2,"88":1,"89":1,"90":1,"91":2,"92":2,"93":36,"94":5,"95":5,"96":5,"97":5,"98":5,"99":5,"100":5,"101":2,"102":5,"103":3,"104":1,"105":3,"106":2,"107":2,"108":36,"109":3,"110":3,"111":2,"112":1,"113":2,"114":1,"115":1,"116":36,"117":4,"118":4,"119":3,"120":3,"121":2,"122":3,"123":1,"124":3,"125":1,"126":1,"127":36,"128":2,"129":2,"130":2,"131":2,"132":2,"133":1,"134":1,"135":1,"136":1,"137":1,"138":2,"139":2,"140":36,"141":3,"142":3,"143":3,"144":3,"145":3,"146":2,"147":1,"148":2,"149":1,"150":1,"151":3,"152":3,"153":36,"154":2,"155":2,"156":2,"157":2,"158":2,"159":1,"160":1,"161":1,"162":1,"163":1,"164":2,"165":2,"166":36,"167":5,"168":5,"169":3,"170":2,"171":3,"172":2,"173":3,"174":2,"175":2,"176":2,"177":36},"f":{"0":36,"1":4,"2":2,"3":2,"4":4,"5":2,"6":3,"7":1,"8":2,"9":5,"10":3,"11":4,"12":2,"13":2,"14":3,"15":2,"16":5,"17":2},"b":{"0":[2,1],"1":[2,1],"2":[1,0],"3":[1,0],"4":[1,3],"5":[4,2],"6":[1,1],"7":[2,2],"8":[2,1],"9":[1,0],"10":[1,1],"11":[1,0],"12":[1,1],"13":[2,1],"14":[1,1],"15":[1,0],"16":[2,3],"17":[1,2],"18":[3,1],"19":[1,1],"20":[2,1],"21":[1,2],"22":[1,0],"23":[1,1],"24":[1,0],"25":[3],"26":[1,1],"27":[2,2],"28":[1,0],"29":[1,0],"30":[1,1],"31":[1,0],"32":[2,1],"33":[3,3],"34":[2,1]},"meta":{"lastBranch":35,"lastFunction":18,"lastStatement":178,"seen":{"s:43:13:352:Infinity":0,"f:43:50:43:56":0,"s:44:10:44:Infinity":1,"s:45:10:45:Infinity":2,"s:46:10:46:Infinity":3,"s:47:10:47:Infinity":4,"s:48:10:48:Infinity":5,"s:49:10:49:Infinity":6,"s:51:24:64:Infinity":7,"f:51:24:51:36":1,"s:52:8:52:Infinity":8,"s:53:8:53:Infinity":9,"s:54:8:63:Infinity":10,"s:55:29:55:Infinity":11,"s:56:12:56:Infinity":12,"b:56:27:56:44:56:44:56:Infinity":0,"s:58:12:58:Infinity":13,"s:59:12:59:Infinity":14,"s:60:12:60:Infinity":15,"b:60:26:60:54:60:54:60:Infinity":1,"s:62:12:62:Infinity":16,"s:66:21:77:Infinity":17,"f:66:21:66:28":2,"s:67:8:67:Infinity":18,"s:68:8:68:Infinity":19,"s:69:8:76:Infinity":20,"s:70:29:70:Infinity":21,"s:71:12:71:Infinity":22,"s:73:12:73:Infinity":23,"b:73:26:73:39:73:39:73:Infinity":2,"s:75:12:75:Infinity":24,"s:79:24:95:Infinity":25,"f:79:24:79:31":3,"s:81:8:81:Infinity":26,"s:82:8:82:Infinity":27,"s:83:8:94:Infinity":28,"s:84:29:84:Infinity":29,"s:86:29:86:Infinity":30,"s:87:12:87:Infinity":31,"s:88:12:88:Infinity":32,"s:90:12:90:Infinity":33,"b:90:26:90:39:90:39:90:Infinity":3,"s:91:12:91:Infinity":34,"s:93:12:93:Infinity":35,"s:97:27:122:Infinity":36,"f:97:27:97:34":4,"s:98:8:98:Infinity":37,"s:99:8:99:Infinity":38,"s:100:8:100:Infinity":39,"b:103:8:107:Infinity:undefined:undefined:undefined:undefined":4,"s:103:8:107:Infinity":40,"b:103:12:103:34:103:34:103:64":5,"s:104:12:104:Infinity":41,"s:105:12:105:Infinity":42,"s:106:12:106:Infinity":43,"s:109:8:121:Infinity":44,"s:110:29:110:Infinity":45,"b:111:12:113:Infinity:undefined:undefined:undefined:undefined":6,"s:111:12:113:Infinity":46,"b:111:16:111:38:111:38:111:68":7,"s:112:16:112:Infinity":47,"s:114:12:114:Infinity":48,"s:116:12:116:Infinity":49,"b:116:26:116:39:116:39:116:Infinity":8,"s:117:12:117:Infinity":50,"s:119:12:119:Infinity":51,"s:120:12:120:Infinity":52,"s:124:29:141:Infinity":53,"f:124:29:124:36":5,"s:125:8:125:Infinity":54,"s:126:8:126:Infinity":55,"s:127:8:127:Infinity":56,"s:128:8:140:Infinity":57,"s:129:29:129:Infinity":58,"b:130:12:132:Infinity:undefined:undefined:undefined:undefined":9,"s:130:12:132:Infinity":59,"b:130:16:130:38:130:38:130:73":10,"s:131:16:131:Infinity":60,"s:133:12:133:Infinity":61,"s:135:12:135:Infinity":62,"b:135:26:135:39:135:39:135:Infinity":11,"s:136:12:136:Infinity":63,"s:138:12:138:Infinity":64,"s:139:12:139:Infinity":65,"s:143:24:168:Infinity":66,"f:143:24:143:31":6,"s:144:8:144:Infinity":67,"s:145:8:145:Infinity":68,"s:146:8:167:Infinity":69,"s:147:29:147:Infinity":70,"b:150:12:152:Infinity:undefined:undefined:undefined:undefined":12,"s:150:12:152:Infinity":71,"b:150:16:150:38:150:38:150:68":13,"s:151:16:151:Infinity":72,"s:155:26:155:Infinity":73,"f:155:49:155:54":7,"s:155:54:155:65":74,"b:156:12:158:Infinity:undefined:undefined:undefined:undefined":14,"s:156:12:158:Infinity":75,"s:157:16:157:Infinity":76,"s:160:12:160:Infinity":77,"s:162:12:162:Infinity":78,"s:163:12:163:Infinity":79,"s:164:12:164:Infinity":80,"s:166:12:166:Infinity":81,"s:170:27:185:Infinity":82,"f:170:27:170:34":8,"s:171:8:171:Infinity":83,"s:172:8:172:Infinity":84,"s:173:8:173:Infinity":85,"s:174:8:184:Infinity":86,"s:175:29:175:Infinity":87,"s:177:12:177:Infinity":88,"s:179:12:179:Infinity":89,"b:179:26:179:39:179:39:179:Infinity":15,"s:180:12:180:Infinity":90,"s:182:12:182:Infinity":91,"s:183:12:183:Infinity":92,"s:187:29:214:Infinity":93,"f:187:29:187:36":9,"s:189:8:213:Infinity":94,"s:190:29:190:Infinity":95,"s:191:12:191:Infinity":96,"s:192:12:192:Infinity":97,"s:193:12:193:Infinity":98,"s:194:12:194:Infinity":99,"b:195:12:197:Infinity:undefined:undefined:undefined:undefined":16,"s:195:12:197:Infinity":100,"s:196:16:196:Infinity":101,"s:199:29:203:Infinity":102,"b:206:12:208:Infinity:undefined:undefined:undefined:undefined":17,"s:206:12:208:Infinity":103,"b:206:16:206:38:206:38:206:73":18,"s:207:16:207:Infinity":104,"s:209:12:209:Infinity":105,"s:211:12:211:Infinity":106,"s:212:12:212:Infinity":107,"s:216:29:235:Infinity":108,"f:216:29:216:36":10,"s:217:8:234:Infinity":109,"s:218:29:224:Infinity":110,"b:227:12:229:Infinity:undefined:undefined:undefined:undefined":19,"s:227:12:229:Infinity":111,"b:227:16:227:38:227:38:227:73":20,"s:228:16:228:Infinity":112,"s:230:12:230:Infinity":113,"s:232:12:232:Infinity":114,"s:233:12:233:Infinity":115,"s:237:24:251:Infinity":116,"f:237:24:237:31":11,"s:238:8:250:Infinity":117,"s:239:29:239:Infinity":118,"s:240:12:240:Infinity":119,"s:242:26:242:Infinity":120,"f:242:49:242:54":12,"s:242:54:242:65":121,"b:243:12:245:Infinity:undefined:undefined:undefined:undefined":21,"s:243:12:245:Infinity":122,"s:244:16:244:Infinity":123,"s:246:12:246:Infinity":124,"s:248:12:248:Infinity":125,"s:249:12:249:Infinity":126,"s:253:32:270:Infinity":127,"f:253:32:253:39":13,"s:254:8:254:Infinity":128,"s:255:8:255:Infinity":129,"s:256:8:256:Infinity":130,"s:257:8:269:Infinity":131,"s:258:29:258:Infinity":132,"b:259:12:261:Infinity:undefined:undefined:undefined:undefined":22,"s:259:12:261:Infinity":133,"b:259:16:259:38:259:38:259:73":23,"s:260:16:260:Infinity":134,"s:262:12:262:Infinity":135,"s:264:12:264:Infinity":136,"b:264:26:264:39:264:39:264:Infinity":24,"s:265:12:265:Infinity":137,"s:267:12:267:Infinity":138,"s:268:12:268:Infinity":139,"s:272:33:291:Infinity":140,"f:272:33:272:40":14,"b:272:63:272:78":25,"s:273:8:273:Infinity":141,"s:274:8:274:Infinity":142,"s:275:8:275:Infinity":143,"s:276:8:290:Infinity":144,"s:277:29:279:Infinity":145,"b:280:12:282:Infinity:undefined:undefined:undefined:undefined":26,"s:280:12:282:Infinity":146,"b:280:16:280:38:280:38:280:68":27,"s:281:16:281:Infinity":147,"s:283:12:283:Infinity":148,"s:285:12:285:Infinity":149,"b:285:26:285:39:285:39:285:Infinity":28,"s:286:12:286:Infinity":150,"s:288:12:288:Infinity":151,"s:289:12:289:Infinity":152,"s:293:26:310:Infinity":153,"f:293:26:293:33":15,"s:294:8:294:Infinity":154,"s:295:8:295:Infinity":155,"s:296:8:296:Infinity":156,"s:297:8:309:Infinity":157,"s:298:29:298:Infinity":158,"b:299:12:301:Infinity:undefined:undefined:undefined:undefined":29,"s:299:12:301:Infinity":159,"b:299:16:299:38:299:38:299:68":30,"s:300:16:300:Infinity":160,"s:302:12:302:Infinity":161,"s:304:12:304:Infinity":162,"b:304:26:304:39:304:39:304:Infinity":31,"s:305:12:305:Infinity":163,"s:307:12:307:Infinity":164,"s:308:12:308:Infinity":165,"s:312:24:329:Infinity":166,"f:312:24:312:31":16,"s:313:8:328:Infinity":167,"s:314:12:314:Infinity":168,"s:317:12:317:Infinity":169,"f:317:47:317:52":17,"s:317:52:317:63":170,"b:320:12:322:Infinity:undefined:undefined:undefined:undefined":32,"s:320:12:322:Infinity":171,"b:320:16:320:38:320:38:320:68":33,"s:321:16:321:Infinity":172,"s:323:12:323:Infinity":173,"s:325:12:325:Infinity":174,"s:326:12:326:Infinity":175,"b:326:26:326:54:326:54:326:Infinity":34,"s:327:12:327:Infinity":176,"s:331:4:351:Infinity":177}}}
,"/Users/rodrigomatheusdasilva/Library/CloudStorage/GoogleDrive-rodrigorizando@gmail.com/Meu Drive/projetos/tudio-v2/frontend/src/views/LoginView.vue": {"path":"/Users/rodrigomatheusdasilva/Library/CloudStorage/GoogleDrive-rodrigorizando@gmail.com/Meu Drive/projetos/tudio-v2/frontend/src/views/LoginView.vue","statementMap":{"0":{"start":{"line":9,"column":6},"end":{"line":9,"column":null}},"1":{"start":{"line":10,"column":6},"end":{"line":10,"column":null}},"2":{"start":{"line":12,"column":6},"end":{"line":12,"column":null}},"3":{"start":{"line":13,"column":6},"end":{"line":13,"column":null}},"4":{"start":{"line":15,"column":20},"end":{"line":22,"column":null}},"5":{"start":{"line":16,"column":2},"end":{"line":16,"column":null}},"6":{"start":{"line":16,"column":39},"end":{"line":16,"column":null}},"7":{"start":{"line":18,"column":18},"end":{"line":18,"column":null}},"8":{"start":{"line":19,"column":2},"end":{"line":21,"column":null}},"9":{"start":{"line":20,"column":4},"end":{"line":20,"column":null}},"10":{"start":{"line":26,"column":7},"end":{"line":26,"column":null}},"11":{"start":{"line":27,"column":9},"end":{"line":27,"column":null}},"12":{"start":{"line":26,"column":2},"end":{"line":89,"column":36}},"13":{"start":{"line":81,"column":17},"end":{"line":80,"column":24}},"14":{"start":{"line":43,"column":23},"end":{"line":43,"column":null}},"15":{"start":{"line":52,"column":23},"end":{"line":52,"column":null}},"16":{"start":{"line":80,"column":12},"end":{"line":80,"column":24}},"17":{"start":{"line":90,"column":16},"end":{"line":89,"column":36}}},"fnMap":{"0":{"name":"(anonymous_0)","decl":{"start":{"line":15,"column":20},"end":{"line":15,"column":32}},"loc":{"start":{"line":15,"column":32},"end":{"line":22,"column":null}},"line":15},"1":{"name":"(anonymous_1)","decl":{"start":{"line":37,"column":10},"end":{"line":37,"column":null}},"loc":{"start":{"line":81,"column":17},"end":{"line":80,"column":24}},"line":81},"2":{"name":"(anonymous_2)","decl":{"start":{"line":43,"column":23},"end":{"line":43,"column":28}},"loc":{"start":{"line":43,"column":23},"end":{"line":43,"column":null}},"line":43},"3":{"name":"(anonymous_3)","decl":{"start":{"line":52,"column":23},"end":{"line":52,"column":31}},"loc":{"start":{"line":52,"column":23},"end":{"line":52,"column":null}},"line":52},"4":{"name":"(anonymous_4)","decl":{"start":{"line":78,"column":13},"end":{"line":78,"column":null}},"loc":{"start":{"line":80,"column":12},"end":{"line":80,"column":24}},"line":80},"5":{"name":"(anonymous_5)","decl":{"start":{"line":85,"column":10},"end":{"line":85,"column":15}},"loc":{"start":{"line":90,"column":16},"end":{"line":89,"column":36}},"line":90}},"branchMap":{"0":{"loc":{"start":{"line":16,"column":2},"end":{"line":16,"column":null}},"type":"if","locations":[{"start":{"line":16,"column":2},"end":{"line":16,"column":null}},{"start":{},"end":{}}],"line":16},"1":{"loc":{"start":{"line":16,"column":6},"end":{"line":16,"column":39}},"type":"binary-expr","locations":[{"start":{"line":16,"column":6},"end":{"line":16,"column":22}},{"start":{"line":16,"column":22},"end":{"line":16,"column":39}}],"line":16},"2":{"loc":{"start":{"line":19,"column":2},"end":{"line":21,"column":null}},"type":"if","locations":[{"start":{"line":19,"column":2},"end":{"line":21,"column":null}},{"start":{},"end":{}}],"line":19},"3":{"loc":{"start":{"line":93,"column":10},"end":{"line":32,"column":12}},"type":"binary-expr","locations":[{"start":{"line":93,"column":10},"end":{"line":93,"column":null}},{"start":{"line":93,"column":10},"end":{"line":32,"column":12}}],"line":93},"4":{"loc":{"start":{"line":43,"column":23},"end":{"line":43,"column":null}},"type":"binary-expr","locations":[{"start":{"line":43,"column":23},"end":{"line":43,"column":28}},{"start":{"line":43,"column":23},"end":{"line":43,"column":null}}],"line":43},"5":{"loc":{"start":{"line":52,"column":23},"end":{"line":52,"column":null}},"type":"binary-expr","locations":[{"start":{"line":52,"column":23},"end":{"line":52,"column":31}},{"start":{"line":52,"column":23},"end":{"line":52,"column":null}}],"line":52},"6":{"loc":{"start":{"line":60,"column":20},"end":{"line":63,"column":null}},"type":"cond-expr","locations":[{"start":{"line":60,"column":25},"end":{"line":63,"column":null}},{"start":{"line":63,"column":27},"end":{"line":63,"column":null}}],"line":60},"7":{"loc":{"start":{"line":66,"column":12},"end":{"line":69,"column":18}},"type":"binary-expr","locations":[{"start":{"line":66,"column":12},"end":{"line":66,"column":17}},{"start":{"line":66,"column":12},"end":{"line":69,"column":18}}],"line":66},"8":{"loc":{"start":{"line":80,"column":12},"end":{"line":80,"column":24}},"type":"binary-expr","locations":[{"start":{"line":80,"column":12},"end":{"line":80,"column":24}},{"start":{"line":80,"column":12},"end":{"line":80,"column":24}}],"line":80},"9":{"loc":{"start":{"line":90,"column":16},"end":{"line":89,"column":36}},"type":"binary-expr","locations":[{"start":{"line":90,"column":16},"end":{"line":90,"column":null}},{"start":{"line":90,"column":16},"end":{"line":89,"column":36}}],"line":90}},"s":{"0":3,"1":3,"2":3,"3":3,"4":3,"5":2,"6":0,"7":2,"8":2,"9":1,"10":1,"11":1,"12":3,"13":7,"14":2,"15":2,"16":3,"17":7},"f":{"0":2,"1":7,"2":2,"3":2,"4":3,"5":7},"b":{"0":[0,2],"1":[2,2],"2":[1,1],"3":[3,3],"4":[7,3],"5":[7,3],"6":[2,5],"7":[7,3],"8":[3,3],"9":[7,3]},"meta":{"lastBranch":0,"lastFunction":0,"lastStatement":0,"seen":{}}}
}
